\BOOKMARK [1][-]{section.1}{Rozpozn\341vanie objektov}{}% 1
\BOOKMARK [2][-]{subsection.1.1}{Sp\364soby detekcie naucen\375ch vzorov v obraze}{section.1}% 2
\BOOKMARK [2][-]{subsection.1.2}{Neur\363nov\351 siete}{section.1}% 3
\BOOKMARK [2][-]{subsection.1.3}{Rozpozn\341vanie dopravn\375ch znacen\355}{section.1}% 4
\BOOKMARK [2][-]{subsection.1.4}{Rozpozn\341vanie in\375ch objektov}{section.1}% 5
\BOOKMARK [3][-]{subsubsection.1.4.1}{Rozpozn\341vanie tv\341r\355}{subsection.1.4}% 6
\BOOKMARK [1][-]{section.2}{V\375skum}{}% 7
\BOOKMARK [2][-]{subsection.2.1}{Matematick\351 met\363dy}{section.2}% 8
\BOOKMARK [3][-]{subsubsection.2.1.1}{Konvol\372cia}{subsection.2.1}% 9
\BOOKMARK [3][-]{subsubsection.2.1.2}{Aproxim\341cia}{subsection.2.1}% 10
\BOOKMARK [3][-]{subsubsection.2.1.3}{Greenov\341 veta}{subsection.2.1}% 11
\BOOKMARK [2][-]{subsection.2.2}{Funkcionalita OpenCV}{section.2}% 12
\BOOKMARK [3][-]{subsubsection.2.2.1}{cvtColor}{subsection.2.2}% 13
\BOOKMARK [3][-]{subsubsection.2.2.2}{Canny}{subsection.2.2}% 14
\BOOKMARK [3][-]{subsubsection.2.2.3}{GaussianBlur}{subsection.2.2}% 15
\BOOKMARK [3][-]{subsubsection.2.2.4}{inRange}{subsection.2.2}% 16
\BOOKMARK [3][-]{subsubsection.2.2.5}{bitwise\137not}{subsection.2.2}% 17
\BOOKMARK [3][-]{subsubsection.2.2.6}{threshold}{subsection.2.2}% 18
\BOOKMARK [3][-]{subsubsection.2.2.7}{findContours}{subsection.2.2}% 19
\BOOKMARK [3][-]{subsubsection.2.2.8}{boundingRect}{subsection.2.2}% 20
\BOOKMARK [3][-]{subsubsection.2.2.9}{drawContours}{subsection.2.2}% 21
\BOOKMARK [3][-]{subsubsection.2.2.10}{contourArea}{subsection.2.2}% 22
\BOOKMARK [3][-]{subsubsection.2.2.11}{fitEllipse}{subsection.2.2}% 23
\BOOKMARK [1][-]{section.3}{N\341vrh rie\235enia}{}% 24
\BOOKMARK [2][-]{subsection.3.1}{N\341vrh algoritmov}{section.3}% 25
\BOOKMARK [3][-]{subsubsection.3.1.1}{N\341vrh algoritmu pre detekciu farby}{subsection.3.1}% 26
\BOOKMARK [3][-]{subsubsection.3.1.2}{N\341vrh algoritmu pre detekciu kruhov}{subsection.3.1}% 27
\BOOKMARK [2][-]{subsection.3.2}{N\341vrh objektov - UML}{section.3}% 28
\BOOKMARK [2][-]{subsection.3.3}{N\341vrh u\236\355vtelsk\351ho prostredia}{section.3}% 29
\BOOKMARK [1][-]{section.4}{Implement\341cia}{}% 30
\BOOKMARK [2][-]{subsection.4.1}{Android implement\341cia}{section.4}% 31
\BOOKMARK [3][-]{subsubsection.4.1.1}{BaseClass}{subsection.4.1}% 32
\BOOKMARK [3][-]{subsubsection.4.1.2}{ActivityView}{subsection.4.1}% 33
\BOOKMARK [3][-]{subsubsection.4.1.3}{ActivityFunctionality}{subsection.4.1}% 34
\BOOKMARK [2][-]{subsection.4.2}{Rozpozn\341vacie jadro}{section.4}% 35
\BOOKMARK [3][-]{subsubsection.4.2.1}{Detection}{subsection.4.2}% 36
\BOOKMARK [3][-]{subsubsection.4.2.2}{Color}{subsection.4.2}% 37
\BOOKMARK [3][-]{subsubsection.4.2.3}{Shape}{subsection.4.2}% 38
\BOOKMARK [3][-]{subsubsection.4.2.4}{Traffic}{subsection.4.2}% 39
\BOOKMARK [1][-]{section.5}{V\375sledky aplik\341cie}{}% 40
